2024-03-24 21:59:03,350 - llama_index.core.readers.file.base - DEBUG - > [SimpleDirectoryReader] Total files added: 4
2024-03-24 21:59:03,712 - fsspec.local - DEBUG - open file: D:/Code/Machine-Learning/GithubRepo/machine-learning-and-GenAI-tutorial/GenAiParser/Docs/MainKishResume.pdf
2024-03-24 21:59:03,850 - fsspec.local - DEBUG - open file: D:/Code/Machine-Learning/GithubRepo/machine-learning-and-GenAI-tutorial/GenAiParser/Docs/random.txt
2024-03-24 21:59:03,857 - fsspec.local - DEBUG - open file: D:/Code/Machine-Learning/GithubRepo/machine-learning-and-GenAI-tutorial/GenAiParser/Docs/Samsung_Invoice.pdf
2024-03-24 21:59:03,893 - fsspec.local - DEBUG - open file: D:/Code/Machine-Learning/GithubRepo/machine-learning-and-GenAI-tutorial/GenAiParser/Docs/SpotifyInvoice.pdf
2024-03-24 21:59:04,038 - root - INFO - Documents loaded and preprocessed.
2024-03-24 21:59:05,836 - llama_index.core.node_parser.node_utils - DEBUG - > Adding chunk: KISHAN REKHADIA
+91 8200591127 \u22c4SURAT, INDIA
KI...
2024-03-24 21:59:05,838 - llama_index.core.node_parser.node_utils - DEBUG - > Adding chunk: CERTIFICATIONS AND ACHIEVEMENTS
•AWS CERTIFIED ...
2024-03-24 21:59:05,840 - llama_index.core.node_parser.node_utils - DEBUG - > Adding chunk: HELLO, I’M KISH, AND I'M THRILLED TO HAVE THE O...
2024-03-24 21:59:05,845 - llama_index.core.node_parser.node_utils - DEBUG - > Adding chunk: TAX INVOICE
[UNDER RULE 46 OF CENTRAL GOODS & S...
2024-03-24 21:59:05,845 - llama_index.core.node_parser.node_utils - DEBUG - > Adding chunk: TO DISPOSE OF E-WASTE RESPONSIBLY, PLEASE WHATS...
2024-03-24 21:59:05,846 - llama_index.core.node_parser.node_utils - DEBUG - > Adding chunk: E. & O.E. PAGE 1 OF 1
*KEEP THIS INVOICE AND 
M...
2024-03-24 21:59:05,848 - llama_index.core.node_parser.node_utils - DEBUG - > Adding chunk: E. & O.E. PAGE 1 OF 1
*KEEP THIS INVOICE AND 
M...
2024-03-24 21:59:05,849 - llama_index.core.node_parser.node_utils - DEBUG - > Adding chunk: E. & O.E. PAGE 1 OF 1
BILLING ADDRESS
KISH SSN ...
